<?xml version="1.0" encoding="UTF-8"?>
<testsuite xmlns:xsi="http://www.w3.org/2001/XMLSchema-instance" xsi:noNamespaceSchemaLocation="https://maven.apache.org/surefire/maven-surefire-plugin/xsd/surefire-test-report.xsd" version="3.0.2" name="com.example.trabalho_backend.TrabalhoBackendApplicationTests" time="3.674" tests="1" errors="0" skipped="0" failures="0">
  <properties>
[...]
</properties>
  <testcase name="contextLoads" classname="com.example.trabalho_backend.TrabalhoBackendApplicationTests" time="0.31">
    <system-out><![CDATA[21:48:32.280 [main] INFO org.springframework.test.context.support.AnnotationConfigContextLoaderUtils -- Could not detect default configuration classes for test class [com.example.trabalho_backend.TrabalhoBackendApplicationTests]: TrabalhoBackendApplicationTests does not declare any static, non-private, non-final, nested classes annotated with @Configuration.
21:48:32.384 [main] INFO org.springframework.boot.test.context.SpringBootTestContextBootstrapper -- Found @SpringBootConfiguration com.example.trabalho_backend.TrabalhoBackendApplication for test class com.example.trabalho_backend.TrabalhoBackendApplicationTests
21:48:32.517 [main] INFO org.springframework.boot.devtools.restart.RestartApplicationListener -- Restart disabled due to context in which it is running

  .   ____          _            __ _ _
 /\\ / ___'_ __ _ _(_)_ __  __ _ \ \ \ \
( ( )\___ | '_ | '_| | '_ \/ _` | \ \ \ \
 \\/  ___)| |_)| | | | | || (_| |  ) ) ) )
  '  |____| .__|_| |_|_| |_\__, | / / / /
 =========|_|==============|___/=/_/_/_/

 :: Spring Boot ::                (v3.5.5)

2025-09-08T21:48:32.776-04:00  INFO 11596 --- [Trabalho Back End] [           main] c.e.t.TrabalhoBackendApplicationTests    : Starting TrabalhoBackendApplicationTests using Java 21.0.5 with PID 11596 (started by Weden in C:\Users\Weden\GitHub\Api-Filme)
2025-09-08T21:48:32.778-04:00  INFO 11596 --- [Trabalho Back End] [           main] c.e.t.TrabalhoBackendApplicationTests    : No active profile set, falling back to 1 default profile: "default"
2025-09-08T21:48:33.303-04:00  INFO 11596 --- [Trabalho Back End] [           main] .s.d.r.c.RepositoryConfigurationDelegate : Bootstrapping Spring Data JPA repositories in DEFAULT mode.
2025-09-08T21:48:33.346-04:00  INFO 11596 --- [Trabalho Back End] [           main] .s.d.r.c.RepositoryConfigurationDelegate : Finished Spring Data repository scanning in 35 ms. Found 1 JPA repository interface.
2025-09-08T21:48:33.610-04:00  INFO 11596 --- [Trabalho Back End] [           main] com.zaxxer.hikari.HikariDataSource       : HikariPool-1 - Starting...
2025-09-08T21:48:33.769-04:00  INFO 11596 --- [Trabalho Back End] [           main] com.zaxxer.hikari.pool.HikariPool        : HikariPool-1 - Added connection conn0: url=jdbc:h2:mem:musicas user=SA
2025-09-08T21:48:33.771-04:00  INFO 11596 --- [Trabalho Back End] [           main] com.zaxxer.hikari.HikariDataSource       : HikariPool-1 - Start completed.
2025-09-08T21:48:33.874-04:00  INFO 11596 --- [Trabalho Back End] [           main] o.hibernate.jpa.internal.util.LogHelper  : HHH000204: Processing PersistenceUnitInfo [name: default]
2025-09-08T21:48:33.942-04:00  INFO 11596 --- [Trabalho Back End] [           main] org.hibernate.Version                    : HHH000412: Hibernate ORM core version 6.6.26.Final
2025-09-08T21:48:33.977-04:00  INFO 11596 --- [Trabalho Back End] [           main] o.h.c.internal.RegionFactoryInitiator    : HHH000026: Second-level cache disabled
2025-09-08T21:48:34.233-04:00  INFO 11596 --- [Trabalho Back End] [           main] o.s.o.j.p.SpringPersistenceUnitInfo      : No LoadTimeWeaver setup: ignoring JPA class transformer
2025-09-08T21:48:34.281-04:00  WARN 11596 --- [Trabalho Back End] [           main] org.hibernate.orm.deprecation            : HHH90000025: H2Dialect does not need to be specified explicitly using 'hibernate.dialect' (remove the property setting and it will be selected by default)
2025-09-08T21:48:34.295-04:00  INFO 11596 --- [Trabalho Back End] [           main] org.hibernate.orm.connections.pooling    : HHH10001005: Database info:
	Database JDBC URL [Connecting through datasource 'HikariDataSource (HikariPool-1)']
	Database driver: undefined/unknown
	Database version: 2.3.232
	Autocommit mode: undefined/unknown
	Isolation level: undefined/unknown
	Minimum pool size: undefined/unknown
	Maximum pool size: undefined/unknown
2025-09-08T21:48:34.819-04:00  INFO 11596 --- [Trabalho Back End] [           main] o.h.e.t.j.p.i.JtaPlatformInitiator       : HHH000489: No JTA platform available (set 'hibernate.transaction.jta.platform' to enable JTA platform integration)
2025-09-08T21:48:34.836-04:00  INFO 11596 --- [Trabalho Back End] [           main] j.LocalContainerEntityManagerFactoryBean : Initialized JPA EntityManagerFactory for persistence unit 'default'
2025-09-08T21:48:35.077-04:00  WARN 11596 --- [Trabalho Back End] [           main] JpaBaseConfiguration$JpaWebConfiguration : spring.jpa.open-in-view is enabled by default. Therefore, database queries may be performed during view rendering. Explicitly configure spring.jpa.open-in-view to disable this warning
2025-09-08T21:48:35.435-04:00  INFO 11596 --- [Trabalho Back End] [           main] o.s.b.a.h2.H2ConsoleAutoConfiguration    : H2 console available at '/h2-console'. Database available at 'jdbc:h2:mem:musicas'
2025-09-08T21:48:35.508-04:00  INFO 11596 --- [Trabalho Back End] [           main] c.e.t.TrabalhoBackendApplicationTests    : Started TrabalhoBackendApplicationTests in 3.0 seconds (process running for 4.18)
]]></system-out>
    <system-err><![CDATA[Mockito is currently self-attaching to enable the inline-mock-maker. This will no longer work in future releases of the JDK. Please add Mockito as an agent to your build as described in Mockito's documentation: https://javadoc.io/doc/org.mockito/mockito-core/latest/org.mockito/org/mockito/Mockito.html#0.3
WARNING: A Java agent has been loaded dynamically (C:\Users\Weden\.m2\repository\net\bytebuddy\byte-buddy-agent\1.17.7\byte-buddy-agent-1.17.7.jar)
WARNING: If a serviceability tool is in use, please run with -XX:+EnableDynamicAgentLoading to hide this warning
WARNING: If a serviceability tool is not in use, please run with -Djdk.instrument.traceUsage for more information
WARNING: Dynamic loading of agents will be disallowed by default in a future release
]]></system-err>
  </testcase>
</testsuite>